生成启动时间为 2017/6/22 22:41:07。
     1>项目“D:\VSc语言程序\课设究极版\课设究极版\课设究极版.vcxproj”在节点 2 上(Build 个目标)。
     1>InitializeBuildStatus:
         正在创建“Debug\课设究极版.unsuccessfulbuild”，因为已指定“AlwaysCreate”。
       ClCompile:
         D:\vs2013\VC\bin\CL.exe /c /ZI /nologo /W3 /WX- /Od /Oy- /D WIN32 /D _DEBUG /D _CONSOLE /D _UNICODE /D UNICODE /Gm /EHsc /RTC1 /MDd /GS /fp:precise /Zc:wchar_t /Zc:forScope /Fo"Debug\\" /Fd"Debug\vc110.pdb" /Gd /TC /analyze- /errorReport:prompt "源.c"
         源.c
     1>d:\vsc语言程序\课设究极版\课设究极版\源.c(77): warning C4996: 'scanf': This function or variable may be unsafe. Consider using scanf_s instead. To disable deprecation, use _CRT_SECURE_NO_WARNINGS. See online help for details.
                 d:\vs2013\vc\include\stdio.h(290) : 参见“scanf”的声明
     1>d:\vsc语言程序\课设究极版\课设究极版\源.c(81): warning C4996: 'scanf': This function or variable may be unsafe. Consider using scanf_s instead. To disable deprecation, use _CRT_SECURE_NO_WARNINGS. See online help for details.
                 d:\vs2013\vc\include\stdio.h(290) : 参见“scanf”的声明
     1>d:\vsc语言程序\课设究极版\课设究极版\源.c(117): warning C4996: 'scanf': This function or variable may be unsafe. Consider using scanf_s instead. To disable deprecation, use _CRT_SECURE_NO_WARNINGS. See online help for details.
                 d:\vs2013\vc\include\stdio.h(290) : 参见“scanf”的声明
     1>d:\vsc语言程序\课设究极版\课设究极版\源.c(211): warning C4996: 'fopen': This function or variable may be unsafe. Consider using fopen_s instead. To disable deprecation, use _CRT_SECURE_NO_WARNINGS. See online help for details.
                 d:\vs2013\vc\include\stdio.h(218) : 参见“fopen”的声明
     1>d:\vsc语言程序\课设究极版\课设究极版\源.c(233): warning C4996: 'scanf': This function or variable may be unsafe. Consider using scanf_s instead. To disable deprecation, use _CRT_SECURE_NO_WARNINGS. See online help for details.
                 d:\vs2013\vc\include\stdio.h(290) : 参见“scanf”的声明
     1>d:\vsc语言程序\课设究极版\课设究极版\源.c(235): warning C4996: 'strcpy': This function or variable may be unsafe. Consider using strcpy_s instead. To disable deprecation, use _CRT_SECURE_NO_WARNINGS. See online help for details.
                 d:\vs2013\vc\include\string.h(110) : 参见“strcpy”的声明
     1>d:\vsc语言程序\课设究极版\课设究极版\源.c(236): warning C4996: 'strcpy': This function or variable may be unsafe. Consider using strcpy_s instead. To disable deprecation, use _CRT_SECURE_NO_WARNINGS. See online help for details.
                 d:\vs2013\vc\include\string.h(110) : 参见“strcpy”的声明
     1>d:\vsc语言程序\课设究极版\课设究极版\源.c(237): warning C4996: 'strcpy': This function or variable may be unsafe. Consider using strcpy_s instead. To disable deprecation, use _CRT_SECURE_NO_WARNINGS. See online help for details.
                 d:\vs2013\vc\include\string.h(110) : 参见“strcpy”的声明
     1>d:\vsc语言程序\课设究极版\课设究极版\源.c(238): warning C4996: 'strcpy': This function or variable may be unsafe. Consider using strcpy_s instead. To disable deprecation, use _CRT_SECURE_NO_WARNINGS. See online help for details.
                 d:\vs2013\vc\include\string.h(110) : 参见“strcpy”的声明
     1>d:\vsc语言程序\课设究极版\课设究极版\源.c(250): warning C4996: 'scanf': This function or variable may be unsafe. Consider using scanf_s instead. To disable deprecation, use _CRT_SECURE_NO_WARNINGS. See online help for details.
                 d:\vs2013\vc\include\stdio.h(290) : 参见“scanf”的声明
     1>d:\vsc语言程序\课设究极版\课设究极版\源.c(251): warning C4996: 'fopen': This function or variable may be unsafe. Consider using fopen_s instead. To disable deprecation, use _CRT_SECURE_NO_WARNINGS. See online help for details.
                 d:\vs2013\vc\include\stdio.h(218) : 参见“fopen”的声明
     1>d:\vsc语言程序\课设究极版\课设究极版\源.c(256): warning C4996: 'fscanf': This function or variable may be unsafe. Consider using fscanf_s instead. To disable deprecation, use _CRT_SECURE_NO_WARNINGS. See online help for details.
                 d:\vs2013\vc\include\stdio.h(237) : 参见“fscanf”的声明
     1>d:\vsc语言程序\课设究极版\课设究极版\源.c(261): warning C4996: 'fscanf': This function or variable may be unsafe. Consider using fscanf_s instead. To disable deprecation, use _CRT_SECURE_NO_WARNINGS. See online help for details.
                 d:\vs2013\vc\include\stdio.h(237) : 参见“fscanf”的声明
     1>d:\vsc语言程序\课设究极版\课设究极版\源.c(328): warning C4996: 'scanf': This function or variable may be unsafe. Consider using scanf_s instead. To disable deprecation, use _CRT_SECURE_NO_WARNINGS. See online help for details.
                 d:\vs2013\vc\include\stdio.h(290) : 参见“scanf”的声明
     1>d:\vsc语言程序\课设究极版\课设究极版\源.c(604): warning C4996: 'scanf': This function or variable may be unsafe. Consider using scanf_s instead. To disable deprecation, use _CRT_SECURE_NO_WARNINGS. See online help for details.
                 d:\vs2013\vc\include\stdio.h(290) : 参见“scanf”的声明
       Link:
         D:\vs2013\VC\bin\link.exe /ERRORREPORT:PROMPT /OUT:"D:\VSc语言程序\课设究极版\Debug\课设究极版.exe" /INCREMENTAL /NOLOGO kernel32.lib user32.lib gdi32.lib winspool.lib comdlg32.lib advapi32.lib shell32.lib ole32.lib oleaut32.lib uuid.lib odbc32.lib odbccp32.lib /MANIFEST /MANIFESTUAC:"level='asInvoker' uiAccess='false'" /manifest:embed /DEBUG /PDB:"D:\VSc语言程序\课设究极版\Debug\课设究极版.pdb" /SUBSYSTEM:CONSOLE /TLBID:1 /DYNAMICBASE /NXCOMPAT /IMPLIB:"D:\VSc语言程序\课设究极版\Debug\课设究极版.lib" /MACHINE:X86 "Debug\源.obj"
         课设究极版.vcxproj -> D:\VSc语言程序\课设究极版\Debug\课设究极版.exe
       FinalizeBuildStatus:
         正在删除文件“Debug\课设究极版.unsuccessfulbuild”。
         正在对“Debug\课设究极版.lastbuildstate”执行 Touch 任务。
     1>已完成生成项目“D:\VSc语言程序\课设究极版\课设究极版\课设究极版.vcxproj”(Build 个目标)的操作。

生成成功。

已用时间 00:00:01.32
